<?xml version="1.0" encoding="UTF-8"?>
<!-- Generated by org.testng.reporters.JUnitReportReporter -->
<testsuite hostname="MARWAN" name="advanced_selenium.UploadFile" tests="1" failures="0" timestamp="14 Jul 2017 15:33:22 GMT" time="14.455" errors="0">
  <testcase name="uploadtestfile" time="14.455" classname="advanced_selenium.UploadFile"/>
</testsuite> <!-- advanced_selenium.UploadFile -->
