<?xml version="1.0" encoding="UTF-8"?>
<!-- Generated by org.testng.reporters.JUnitReportReporter -->
<testsuite hostname="MARWAN" name="Sample.Class2" tests="3" failures="0" timestamp="7 Jun 2017 14:05:10 GMT" time="0.014" errors="0">
  <testcase name="deleteVendor" time="0.002" classname="Sample.Class2"/>
  <testcase name="deleteProduct" time="0.004" classname="Sample.Class2"/>
  <testcase name="deleteCurrency" time="0.008" classname="Sample.Class2"/>
</testsuite> <!-- Sample.Class2 -->
