<?xml version="1.0" encoding="UTF-8"?>
<!-- Generated by org.testng.reporters.JUnitReportReporter -->
<testsuite hostname="MARWAN" name="advanced_selenium.Dropdown" tests="1" failures="0" timestamp="5 Jul 2017 09:47:26 GMT" time="12.782" errors="0">
  <testcase name="selectdropdown" time="12.782" classname="advanced_selenium.Dropdown"/>
</testsuite> <!-- advanced_selenium.Dropdown -->
