<?xml version="1.0" encoding="UTF-8"?>
<!-- Generated by org.testng.reporters.JUnitReportReporter -->
<testsuite hostname="MARWAN" name="advanced_selenium.Screenshot" tests="1" failures="0" timestamp="6 Jul 2017 08:35:07 GMT" time="42.838" errors="0">
  <testcase name="screenshot" time="42.838" classname="advanced_selenium.Screenshot"/>
</testsuite> <!-- advanced_selenium.Screenshot -->
