<?xml version="1.0" encoding="UTF-8"?>
<!-- Generated by org.testng.reporters.JUnitReportReporter -->
<testsuite hostname="MARWAN" name="Sample.Class5" tests="4" failures="0" timestamp="7 Jun 2017 15:38:20 GMT" time="0.037" errors="0">
  <testcase name="testcase6" time="0.017" classname="Sample.Class5"/>
  <testcase name="testcase5" time="0.012" classname="Sample.Class5"/>
  <testcase name="testcase8" time="0.004" classname="Sample.Class5"/>
  <testcase name="testcase7" time="0.004" classname="Sample.Class5"/>
</testsuite> <!-- Sample.Class5 -->
