<?xml version="1.0" encoding="UTF-8"?>
<!-- Generated by org.testng.reporters.JUnitReportReporter -->
<testsuite hostname="MARWAN" name="Sample.Class1" tests="3" failures="0" timestamp="7 Jun 2017 14:05:10 GMT" time="0.012" errors="0">
  <testcase name="addCurrency" time="0.002" classname="Sample.Class1"/>
  <testcase name="addProduct" time="0.005" classname="Sample.Class1"/>
  <testcase name="addVendor" time="0.005" classname="Sample.Class1"/>
</testsuite> <!-- Sample.Class1 -->
