<?xml version="1.0" encoding="UTF-8"?>
<!-- Generated by org.testng.reporters.JUnitReportReporter -->
<testsuite hostname="MARWAN" name="Sample.TestNGPageTitleMultipleTestCasesDependsOn" tests="2" failures="0" timestamp="7 Jun 2017 10:06:01 GMT" time="22.987" errors="0">
  <testcase name="verifyyahootitle" time="11.499" classname="Sample.TestNGPageTitleMultipleTestCasesDependsOn"/>
  <testcase name="verifygoogletitle" time="11.488" classname="Sample.TestNGPageTitleMultipleTestCasesDependsOn"/>
</testsuite> <!-- Sample.TestNGPageTitleMultipleTestCasesDependsOn -->
