<?xml version="1.0" encoding="UTF-8"?>
<!-- Generated by org.testng.reporters.JUnitReportReporter -->
<testsuite hostname="MARWAN" name="Sample.Class3" tests="2" failures="0" timestamp="7 Jun 2017 14:33:39 GMT" time="0.022" errors="0">
  <testcase name="search" time="0.019" classname="Sample.Class3"/>
  <testcase name="prepaidRecharge" time="0.003" classname="Sample.Class3"/>
</testsuite> <!-- Sample.Class3 -->
