<?xml version="1.0" encoding="UTF-8"?>
<!-- Generated by org.testng.reporters.JUnitReportReporter -->
<testsuite hostname="MARWAN" name="advanced_selenium.BootstrapDropdown" tests="1" failures="0" timestamp="5 Jul 2017 14:31:01 GMT" time="15.902" errors="0">
  <testcase name="bootstrapdownload" time="15.902" classname="advanced_selenium.BootstrapDropdown"/>
</testsuite> <!-- advanced_selenium.BootstrapDropdown -->
