<?xml version="1.0" encoding="UTF-8"?>
<!-- Generated by org.testng.reporters.JUnitReportReporter -->
<testsuite hostname="MARWAN" name="Sample.AdditionDataDriven" tests="4" failures="0" timestamp="9 Jun 2017 11:13:49 GMT" time="0.021" errors="0">
  <testcase name="addition" time="0.004" classname="Sample.AdditionDataDriven"/>
  <testcase name="addition" time="0.003" classname="Sample.AdditionDataDriven"/>
  <testcase name="addition" time="0.012" classname="Sample.AdditionDataDriven"/>
  <testcase name="addition" time="0.002" classname="Sample.AdditionDataDriven"/>
</testsuite> <!-- Sample.AdditionDataDriven -->
