<?xml version="1.0" encoding="UTF-8"?>
<!-- Generated by org.testng.reporters.JUnitReportReporter -->
<testsuite hostname="MARWAN" name="Sample.TestNGPageTitle" tests="1" failures="0" timestamp="6 Jun 2017 15:25:01 GMT" time="18.217" errors="0">
  <testcase name="verifyPageTitle" time="18.217" classname="Sample.TestNGPageTitle"/>
</testsuite> <!-- Sample.TestNGPageTitle -->
