<?xml version="1.0" encoding="UTF-8"?>
<!-- Generated by org.testng.reporters.JUnitReportReporter -->
<testsuite hostname="MARWAN" name="advanced_selenium.ExplicitWait" tests="1" failures="0" timestamp="6 Jul 2017 15:08:53 GMT" time="23.138" errors="0">
  <testcase name="explicitwait" time="23.138" classname="advanced_selenium.ExplicitWait"/>
</testsuite> <!-- advanced_selenium.ExplicitWait -->
