<?xml version="1.0" encoding="UTF-8"?>
<!-- Generated by org.testng.reporters.JUnitReportReporter -->
<testsuite hostname="MARWAN" name="Sample.TestNGPageTitleMultipleTestCases" tests="4" failures="0" timestamp="7 Jun 2017 08:44:51 GMT" time="25.025" errors="0">
  <testcase name="closebrowser" time="0.056" classname="Sample.TestNGPageTitleMultipleTestCases"/>
  <testcase name="verifyyahootitle" time="13.055" classname="Sample.TestNGPageTitleMultipleTestCases"/>
  <testcase name="launchbrowser" time="8.649" classname="Sample.TestNGPageTitleMultipleTestCases"/>
  <testcase name="verifygoogletitle" time="3.265" classname="Sample.TestNGPageTitleMultipleTestCases"/>
</testsuite> <!-- Sample.TestNGPageTitleMultipleTestCases -->
