<?xml version="1.0" encoding="UTF-8"?>
<!-- Generated by org.testng.reporters.JUnitReportReporter -->
<testsuite hostname="MARWAN" name="advanced_selenium.MultiBrowserParallelTesting" tests="4" failures="0" timestamp="20 Jul 2017 14:42:43 GMT" time="128.439" errors="0">
  <testcase name="verifyPageTitle" time="18.253" classname="advanced_selenium.MultiBrowserParallelTesting"/>
  <testcase name="verifyPageTitle" time="27.027" classname="advanced_selenium.MultiBrowserParallelTesting"/>
  <testcase name="verifyPageTitle" time="38.502" classname="advanced_selenium.MultiBrowserParallelTesting"/>
  <testcase name="verifyPageTitle" time="44.657" classname="advanced_selenium.MultiBrowserParallelTesting"/>
</testsuite> <!-- advanced_selenium.MultiBrowserParallelTesting -->
