<?xml version="1.0" encoding="UTF-8"?>
<!-- Generated by org.testng.reporters.JUnitReportReporter -->
<testsuite hostname="MARWAN" name="Sample.Class4" tests="4" failures="0" timestamp="7 Jun 2017 15:38:20 GMT" time="0.039" errors="0">
  <testcase name="testcase2" time="0.006" classname="Sample.Class4"/>
  <testcase name="testcase4" time="0.003" classname="Sample.Class4"/>
  <testcase name="testcase1" time="0.025" classname="Sample.Class4"/>
  <testcase name="testcase3" time="0.005" classname="Sample.Class4"/>
</testsuite> <!-- Sample.Class4 -->
